<?xml version="1.0" encoding="UTF-8"?>
<testsuite name="HelloWorldTest" tests="1" skipped="0" failures="0" errors="0" timestamp="2024-03-22T14:35:44" hostname="ayoung-ig-lp" time="0.016">
  <properties/>
  <testcase name="helloWorldTest" classname="HelloWorldTest" time="0.016"/>
  <system-out><![CDATA[]]></system-out>
  <system-err><![CDATA[]]></system-err>
</testsuite>
