<?xml version="1.0" encoding="UTF-8"?>
<testsuite name="AcronymTest" tests="1" skipped="0" failures="0" errors="0" timestamp="2024-07-01T08:50:26" hostname="ayoung-ig" time="0.026">
  <properties/>
  <testcase name="consecutive delimiters" classname="AcronymTest" time="0.026"/>
  <system-out><![CDATA[]]></system-out>
  <system-err><![CDATA[]]></system-err>
</testsuite>
